nohup: ignoring input
Already up to date.
[main cc0dd0d] vault sync 2026-01-01T11:17:10Z
 3 files changed, 189 insertions(+)
 create mode 100644 .vault-sync-watch.log
 create mode 100755 .vault-sync-watch.py
 create mode 100755 .vault-sync.sh
To github.com:borisindelman-oss/vault.git
   d7934b9..cc0dd0d  main -> main
Already up to date.
[main d10a67d] vault sync 2026-01-01T11:17:17Z
 1 file changed, 8 insertions(+)
To github.com:borisindelman-oss/vault.git
   cc0dd0d..d10a67d  main -> main
Already up to date.
[main 73d2814] vault sync 2026-01-01T11:17:24Z
 1 file changed, 5 insertions(+)
To github.com:borisindelman-oss/vault.git
   d10a67d..73d2814  main -> main
Already up to date.
[main 11e8a4e] vault sync 2026-01-01T11:17:31Z
 1 file changed, 5 insertions(+)
To github.com:borisindelman-oss/vault.git
   73d2814..11e8a4e  main -> main
Already up to date.
[main be990c7] vault sync 2026-01-01T11:17:38Z
 1 file changed, 5 insertions(+)
To github.com:borisindelman-oss/vault.git
   11e8a4e..be990c7  main -> main
Already up to date.
[main 93e2007] vault sync 2026-01-01T11:17:46Z
 1 file changed, 5 insertions(+)
To github.com:borisindelman-oss/vault.git
   be990c7..93e2007  main -> main
Already up to date.
[main 1392a96] vault sync 2026-01-01T11:17:53Z
 1 file changed, 5 insertions(+)
To github.com:borisindelman-oss/vault.git
   93e2007..1392a96  main -> main
Already up to date.
[main fdbd1e0] vault sync 2026-01-01T11:18:00Z
 2 files changed, 12 insertions(+)
To github.com:borisindelman-oss/vault.git
   1392a96..fdbd1e0  main -> main
Already up to date.
[main 25de10e] vault sync 2026-01-01T11:18:07Z
 1 file changed, 5 insertions(+)
To github.com:borisindelman-oss/vault.git
   fdbd1e0..25de10e  main -> main
Already up to date.
[main e0bf06d] vault sync 2026-01-01T11:18:15Z
 1 file changed, 5 insertions(+)
To github.com:borisindelman-oss/vault.git
   25de10e..e0bf06d  main -> main
Already up to date.
[main f383ec3] vault sync 2026-01-01T11:18:22Z
 1 file changed, 5 insertions(+)
To github.com:borisindelman-oss/vault.git
   e0bf06d..f383ec3  main -> main
Already up to date.
[main 80bfc7f] vault sync 2026-01-01T11:18:29Z
 1 file changed, 5 insertions(+)
To github.com:borisindelman-oss/vault.git
   f383ec3..80bfc7f  main -> main
Already up to date.
[main ce5650c] vault sync 2026-01-01T11:18:36Z
 1 file changed, 5 insertions(+)
To github.com:borisindelman-oss/vault.git
   80bfc7f..ce5650c  main -> main
Already up to date.
[main 818acea] vault sync 2026-01-01T11:18:43Z
 1 file changed, 5 insertions(+)
To github.com:borisindelman-oss/vault.git
   ce5650c..818acea  main -> main
Already up to date.
[main a4e579f] vault sync 2026-01-01T11:18:51Z
 1 file changed, 5 insertions(+)
To github.com:borisindelman-oss/vault.git
   818acea..a4e579f  main -> main
Already up to date.
[main 58cdd85] vault sync 2026-01-01T11:18:58Z
 1 file changed, 5 insertions(+)
To github.com:borisindelman-oss/vault.git
   a4e579f..58cdd85  main -> main
Already up to date.
[main 32a8ce3] vault sync 2026-01-01T11:19:05Z
 1 file changed, 5 insertions(+)
To github.com:borisindelman-oss/vault.git
   58cdd85..32a8ce3  main -> main
Already up to date.
